<?xml version="1.0" encoding="UTF-8"?>
<!-- Generated by org.testng.reporters.JUnitXMLReporter -->
<testsuite ignored="2" hostname="DESKTOP-AHPFT33" failures="0" tests="2" name="EdgeBrowser" time="11.458" errors="0" timestamp="2023-07-13T18:03:47 IST">
  <testcase classname="student.SearchTeacher_SMSTest" name="searchTeacher" time="1.731"/>
  <testcase classname="student.Student_attendanceHistory_SMSTest" name="AttHistoryTest" time="1.875"/>
  <testcase classname="com.sms.genericutility.BaseClass" name="@AfterSuite closeDB" time="0.0">
    <ignored/>
  </testcase> <!-- @AfterSuite closeDB -->
  <testcase classname="com.sms.genericutility.BaseClass" name="@BeforeSuite connectDB" time="0.0">
    <ignored/>
  </testcase> <!-- @BeforeSuite connectDB -->
</testsuite> <!-- EdgeBrowser -->
