<?xml version="1.0" encoding="UTF-8"?>
<!-- Generated by org.testng.reporters.JUnitXMLReporter -->
<testsuite ignored="6" hostname="DESKTOP-AHPFT33" failures="0" tests="4" name="Test" time="23.603" errors="0" timestamp="2023-07-13T18:17:17 IST">
  <testcase classname="student.SearchTeacher_SMSTest" name="searchTeacher" time="2.012"/>
  <testcase classname="student.StudentExamMarks_SMSTest" name="ExamMarksGraph" time="0.917"/>
  <testcase classname="student.StudentSubject_SMSTest" name="Subject" time="0.729"/>
  <testcase classname="student.Student_attendanceHistory_SMSTest" name="AttHistoryTest" time="1.159"/>
  <testcase classname="com.sms.genericutility.BaseClass" name="@AfterSuite closeDB" time="0.0">
    <ignored/>
  </testcase> <!-- @AfterSuite closeDB -->
  <testcase classname="com.sms.genericutility.BaseClass" name="@AfterSuite closeDB" time="0.0">
    <ignored/>
  </testcase> <!-- @AfterSuite closeDB -->
  <testcase classname="com.sms.genericutility.BaseClass" name="@AfterSuite closeDB" time="0.0">
    <ignored/>
  </testcase> <!-- @AfterSuite closeDB -->
  <testcase classname="com.sms.genericutility.BaseClass" name="@BeforeSuite connectDB" time="0.0">
    <ignored/>
  </testcase> <!-- @BeforeSuite connectDB -->
  <testcase classname="com.sms.genericutility.BaseClass" name="@BeforeSuite connectDB" time="0.0">
    <ignored/>
  </testcase> <!-- @BeforeSuite connectDB -->
  <testcase classname="com.sms.genericutility.BaseClass" name="@BeforeSuite connectDB" time="0.0">
    <ignored/>
  </testcase> <!-- @BeforeSuite connectDB -->
</testsuite> <!-- Test -->
